C51 COMPILER V9.60.0.0   MAIN                                                              06/28/2019 17:25:13 PAGE 1   


C51 COMPILER V9.60.0.0, COMPILATION OF MODULE MAIN
OBJECT MODULE PLACED IN .\Objects\main.obj
COMPILER INVOKED BY: C:\Keil_v5\C51\BIN\C51.EXE main.c OPTIMIZE(8,SPEED) BROWSE INCDIR(..\mc51-library\drivers;..\mc51-l
                    -ibrary\stdint) DEBUG OBJECTEXTEND PRINT(.\Listings\main.lst) TABS(2) OBJECT(.\Objects\main.obj)

line level    source

   1          #include "mc51-library.h"
   2          
   3          void
   4          main()
   5          {
   6   1        GPIO_PinMode(GPIO_PORT_1, GPIO_PIN_0, GPIO_MODE_OUTPUT);
   7   1        
   8   1        while(1)
   9   1        {
  10   2          GPIO_TogglePin(GPIO_PORT_1, GPIO_PIN_0);
  11   2          _delay_ms(100);
  12   2        }
  13   1      }


MODULE INFORMATION:   STATIC OVERLAYABLE
   CODE SIZE        =     29    ----
   CONSTANT SIZE    =   ----    ----
   XDATA SIZE       =   ----    ----
   PDATA SIZE       =   ----    ----
   DATA SIZE        =   ----    ----
   IDATA SIZE       =   ----    ----
   BIT SIZE         =   ----    ----
END OF MODULE INFORMATION.


C51 COMPILATION COMPLETE.  0 WARNING(S),  0 ERROR(S)
