C51 COMPILER V9.60.0.0   MC51_LIBRARY                                                      06/28/2019 17:25:13 PAGE 1   


C51 COMPILER V9.60.0.0, COMPILATION OF MODULE MC51_LIBRARY
OBJECT MODULE PLACED IN .\Objects\mc51-library.obj
COMPILER INVOKED BY: C:\Keil_v5\C51\BIN\C51.EXE ..\mc51-library\drivers\mc51-library.c OPTIMIZE(8,SPEED) BROWSE INCDIR(.
                    -.\mc51-library\drivers;..\mc51-library\stdint) DEBUG OBJECTEXTEND PRINT(.\Listings\mc51-library.lst) TABS(2) OBJECT(.\Ob
                    -jects\mc51-library.obj)

line level    source

   1          
   2          /**
   3            ******************************************************************************
   4            * ______  _                             ___  ___        _               
   5            * | ___ \(_)                            |  \/  |       | |              
   6            * | |_/ / _  _ __    __ _  _ __  _   _  | .  . |  __ _ | | __ ___  _ __ 
   7            * | ___ \| || '_ \  / _` || '__|| | | | | |\/| | / _` || |/ // _ \| '__|
   8            * | |_/ /| || | | || (_| || |   | |_| | | |  | || (_| ||   <|  __/| |   
   9            * \____/ |_||_| |_| \__,_||_|    \__, | \_|  |_/ \__,_||_|\_\\___||_|   
  10            *                                 __/ |                                 
  11            *                                |___/                                  
  12            *                                                                       
  13            * Copyright (C) 2019 Binary Maker - All Rights Reserved
  14            *
  15            * This program and the accompanying materials are made available
  16            * under the terms described in the LICENSE file which accompanies
  17            * this distribution.
  18            * Written by Binary Maker <https://github.com/binarymaker>
  19            ******************************************************************************
  20            */
  21          
  22          #include "mc51-library.h"
  23          #include "mc51-library-cfg.h"
  24          
  25          void _delay_us(uint32_t time_us)
  26          {
  27   1        uint32_t wait_time;
  28   1        
  29   1        wait_time = time_us / 120;
  30   1        while(wait_time--)
  31   1        {
  32   2          _nop_();
  33   2        }
  34   1      }
  35          
  36          void _delay_ms(uint32_t time_ms)
  37          {
  38   1        uint32_t wait_time;
  39   1        
  40   1        wait_time = MACHINE_CYCLE * time_ms;
  41   1        while(wait_time--)
  42   1        {
  43   2          _delay_us(1000);
  44   2        }
  45   1      }
  46          
  47          


MODULE INFORMATION:   STATIC OVERLAYABLE
   CODE SIZE        =     87    ----
   CONSTANT SIZE    =   ----    ----
   XDATA SIZE       =   ----    ----
C51 COMPILER V9.60.0.0   MC51_LIBRARY                                                      06/28/2019 17:25:13 PAGE 2   

   PDATA SIZE       =   ----    ----
   DATA SIZE        =   ----       8
   IDATA SIZE       =   ----    ----
   BIT SIZE         =   ----    ----
END OF MODULE INFORMATION.


C51 COMPILATION COMPLETE.  0 WARNING(S),  0 ERROR(S)
