C51 COMPILER V9.60.0.0   GPIO                                                              06/27/2019 16:11:10 PAGE 1   


C51 COMPILER V9.60.0.0, COMPILATION OF MODULE GPIO
OBJECT MODULE PLACED IN .\Objects\gpio.obj
COMPILER INVOKED BY: C:\Keil_v5\C51\BIN\C51.EXE ..\..\mc51-library\drivers\gpio.c OPTIMIZE(8,SPEED) BROWSE INCDIR(..\mc5
                    -1-library\drivers;..\mc51-library\stdint) DEBUG OBJECTEXTEND PRINT(.\Listings\gpio.lst) TABS(2) OBJECT(.\Objects\gpio.ob
                    -j)

line level    source

   1          
   2          /**
   3            ******************************************************************************
   4            * ______  _                             ___  ___        _               
   5            * | ___ \(_)                            |  \/  |       | |              
   6            * | |_/ / _  _ __    __ _  _ __  _   _  | .  . |  __ _ | | __ ___  _ __ 
   7            * | ___ \| || '_ \  / _` || '__|| | | | | |\/| | / _` || |/ // _ \| '__|
   8            * | |_/ /| || | | || (_| || |   | |_| | | |  | || (_| ||   <|  __/| |   
   9            * \____/ |_||_| |_| \__,_||_|    \__, | \_|  |_/ \__,_||_|\_\\___||_|   
  10            *                                 __/ |                                 
  11            *                                |___/                                  
  12            *                                                                       
  13            * Copyright (C) 2019 Binary Maker - All Rights Reserved
  14            *
  15            * This program and the accompanying materials are made available
  16            * under the terms described in the LICENSE file which accompanies
  17            * this distribution.
  18            * Written by Binary Maker <https://github.com/binarymaker>
  19            ******************************************************************************
  20            */
  21          
  22          #include "gpio.h"
  23          
  24          void 
  25          GPIO_WritePin(GPIO_Port port, uint8_t pin, GPIO_PinState state)
  26          {
  27   1        if (state == GPIO_PIN_RESET)
  28   1        {
  29   2          switch (port)
  30   2          {
  31   3          case GPIO_PORT_0:
  32   3            CLEAR_BIT(P0, pin);
  33   3            break;
  34   3          case GPIO_PORT_1:
  35   3            CLEAR_BIT(P1, pin);
  36   3            break;
  37   3          case GPIO_PORT_2:
  38   3            CLEAR_BIT(P2, pin);
  39   3            break;
  40   3          case GPIO_PORT_3:
  41   3            CLEAR_BIT(P3, pin);
  42   3            break;
  43   3          default:
  44   3            break;
  45   3          }
  46   2        }
  47   1        else
  48   1        {
  49   2          switch (port)
  50   2          {
  51   3          case GPIO_PORT_0:
  52   3            SET_BIT(P0, pin);
  53   3            break;
C51 COMPILER V9.60.0.0   GPIO                                                              06/27/2019 16:11:10 PAGE 2   

  54   3          case GPIO_PORT_1:
  55   3            SET_BIT(P1, pin);
  56   3            break;
  57   3          case GPIO_PORT_2:
  58   3            SET_BIT(P2, pin);
  59   3            break;
  60   3          case GPIO_PORT_3:
  61   3            SET_BIT(P3, pin);
  62   3            break;
  63   3          default:
  64   3            break;
  65   3          }
  66   2        }
  67   1      }


MODULE INFORMATION:   STATIC OVERLAYABLE
   CODE SIZE        =     67    ----
   CONSTANT SIZE    =   ----    ----
   XDATA SIZE       =   ----    ----
   PDATA SIZE       =   ----    ----
   DATA SIZE        =   ----    ----
   IDATA SIZE       =   ----    ----
   BIT SIZE         =   ----    ----
END OF MODULE INFORMATION.


C51 COMPILATION COMPLETE.  0 WARNING(S),  0 ERROR(S)
