C51 COMPILER V9.60.0.0   MAIN                                                              06/28/2019 14:05:12 PAGE 1   


C51 COMPILER V9.60.0.0, COMPILATION OF MODULE MAIN
OBJECT MODULE PLACED IN .\Objects\main.obj
COMPILER INVOKED BY: C:\Keil_v5\C51\BIN\C51.EXE main.c OPTIMIZE(8,SPEED) BROWSE INCDIR(..\mc51-library\drivers;..\mc51-l
                    -ibrary\stdint) DEBUG OBJECTEXTEND PRINT(.\Listings\main.lst) TABS(2) OBJECT(.\Objects\main.obj)

line level    source

   1          #include "mc51-library.h"
   2          
   3          void main()
   4          {
   5   1        
   6   1        GPIO_PinMode(GPIO_PORT_1, GPIO_PIN_0 | GPIO_PIN_2, GPIO_MODE_OUTPUT);
   7   1        GPIO_PinMode(GPIO_PORT_1, GPIO_PIN_1, GPIO_MODE_INPUT);
   8   1        
   9   1        while(1)
  10   1        {
  11   2          if (GPIO_ReadPin(GPIO_PORT_1, GPIO_PIN_1) == GPIO_PIN_RESET)
  12   2          {
  13   3            GPIO_WritePin(GPIO_PORT_1, GPIO_PIN_0, GPIO_PIN_RESET);
  14   3          }
  15   2          else
  16   2          {
  17   3            GPIO_WritePin(GPIO_PORT_1, GPIO_PIN_0, GPIO_PIN_SET);
  18   3          }
  19   2          
  20   2          GPIO_TogglePin(GPIO_PORT_1, GPIO_PIN_2);
  21   2        }
  22   1      }


MODULE INFORMATION:   STATIC OVERLAYABLE
   CODE SIZE        =     49    ----
   CONSTANT SIZE    =   ----    ----
   XDATA SIZE       =   ----    ----
   PDATA SIZE       =   ----    ----
   DATA SIZE        =   ----    ----
   IDATA SIZE       =   ----    ----
   BIT SIZE         =   ----    ----
END OF MODULE INFORMATION.


C51 COMPILATION COMPLETE.  0 WARNING(S),  0 ERROR(S)
