C51 COMPILER V9.60.0.0   MAIN                                                              06/29/2019 09:00:50 PAGE 1   


C51 COMPILER V9.60.0.0, COMPILATION OF MODULE MAIN
OBJECT MODULE PLACED IN .\Objects\main.obj
COMPILER INVOKED BY: C:\Keil_v5\C51\BIN\C51.EXE main.c OPTIMIZE(8,SPEED) BROWSE INCDIR(..\mc51-library\modules;..\mc51-l
                    -ibrary\drivers;..\mc51-library\stdint) DEBUG OBJECTEXTEND PRINT(.\Listings\main.lst) TABS(2) OBJECT(.\Objects\main.obj)

line level    source

   1          #include "mc51-library.h"
   2          #include "charlcd.h"
   3          
   4          CHARLCD_t display;
   5          
   6          uint8_t i;
   7          
   8          void
   9          main()
  10          {
  11   1        
  12   1        display.size_type = CHARLCD_TYPE_16X2;
  13   1        
  14   1        display.regSelect_pin.port = GPIO_PORT_1;
  15   1        display.regSelect_pin.pin = GPIO_PIN_0;
  16   1        
  17   1        display.enable_pin.port = GPIO_PORT_1;
  18   1        display.enable_pin.pin = GPIO_PIN_1;
  19   1        
  20   1        for (i = 0; i < 4; i++)
  21   1        {
  22   2          display.data_pin[i].port = GPIO_PORT_1;
  23   2          display.data_pin[i].pin = GPIO_PIN_2 + i;
  24   2        }
  25   1        
  26   1        CHARLCD_init(&display);
  27   1        
  28   1        while(1)
  29   1        {
  30   2          
  31   2        }
  32   1      }


MODULE INFORMATION:   STATIC OVERLAYABLE
   CODE SIZE        =     67    ----
   CONSTANT SIZE    =   ----    ----
   XDATA SIZE       =   ----    ----
   PDATA SIZE       =   ----    ----
   DATA SIZE        =     14    ----
   IDATA SIZE       =   ----    ----
   BIT SIZE         =   ----    ----
END OF MODULE INFORMATION.


C51 COMPILATION COMPLETE.  0 WARNING(S),  0 ERROR(S)
